Using pre-set license
Built from '2020.2/staging' branch; Version is '2020.2.6f1 (8a2143876886) revision 9052483'; Using compiler version '192528614'; Build Type 'Release'
OS: 'Windows 10 Home; OS build 19042.928; Version 2009; 64bit' Language: 'ru' Physical Memory: 14284 MB
BatchMode: 1, IsHumanControllingUs: 0, StartBugReporterOnCrash: 0, Is64bit: 1, IsPro: 0

 COMMAND LINE ARGUMENTS:
O:\UnityEditorFolder\2020.2.6f1\Editor\Unity.exe
-adb2
-batchMode
-noUpm
-name
AssetImportWorker0
-projectPath
O:/StudyProject
-logFile
Logs/AssetImportWorker0.log
-srvPort
55339
Successfully changed project path to: O:/StudyProject
O:/StudyProject
Using Asset Import Pipeline V2.
Refreshing native plugins compatible for Editor in 22.38 ms, found 0 plugins.
Preloading 0 native plugins for Editor in 0.00 ms.
Initialize engine version: 2020.2.6f1 (8a2143876886)
[Subsystems] Discovering subsystems at path O:/UnityEditorFolder/2020.2.6f1/Editor/Data/Resources/UnitySubsystems
[Subsystems] Discovering subsystems at path O:/StudyProject/Assets
GfxDevice: creating device client; threaded=0
Direct3D:
    Version:  Direct3D 11.0 [level 11.1]
    Renderer: AMD Radeon(TM) RX Vega 11 Graphics (ID=0x15d8)
    Vendor:   
    VRAM:     7142 MB
    Driver:   27.20.12033.1007
Initialize mono
Mono path[0] = 'O:/UnityEditorFolder/2020.2.6f1/Editor/Data/Managed'
Mono path[1] = 'O:/UnityEditorFolder/2020.2.6f1/Editor/Data/MonoBleedingEdge/lib/mono/unityjit'
Mono config path = 'O:/UnityEditorFolder/2020.2.6f1/Editor/Data/MonoBleedingEdge/etc'
Using monoOptions --debugger-agent=transport=dt_socket,embedding=1,server=y,suspend=n,address=127.0.0.1:56020
Begin MonoManager ReloadAssembly
Registering precompiled unity dll's ...
Register platform support module: O:/UnityEditorFolder/2020.2.6f1/Editor/Data/PlaybackEngines/WindowsStandaloneSupport/UnityEditor.WindowsStandalone.Extensions.dll
Registered in 0.001080 seconds.
Native extension for WindowsStandalone target not found
Refreshing native plugins compatible for Editor in 22.40 ms, found 0 plugins.
Preloading 0 native plugins for Editor in 0.00 ms.
Invoked RoslynAnalysisRunner static constructor.
RoslynAnalysisRunner will not be running.
RoslynAnalysisRunner has terminated.
Mono: successfully reloaded assembly
- Completed reload, in  1.475 seconds
Platform modules already initialized, skipping
Registering precompiled user dll's ...
Registered in 0.000534 seconds.
Begin MonoManager ReloadAssembly
Native extension for WindowsStandalone target not found
Refreshing native plugins compatible for Editor in 0.22 ms, found 0 plugins.
Preloading 0 native plugins for Editor in 0.00 ms.
Invoked RoslynAnalysisRunner static constructor.
RoslynAnalysisRunner will not be running.
RoslynAnalysisRunner has terminated.
Mono: successfully reloaded assembly
- Completed reload, in  0.816 seconds
Platform modules already initialized, skipping
========================================================================
Worker process is ready to serve import requests
Launched and connected shader compiler UnityShaderCompiler.exe after 0.04 seconds
Refreshing native plugins compatible for Editor in 0.19 ms, found 0 plugins.
Preloading 0 native plugins for Editor in 0.00 ms.
Unloading 1103 Unused Serialized files (Serialized files now loaded: 0)
System memory in use before: 56.6 MB.
System memory in use after: 56.7 MB.

Unloading 10 unused Assets to reduce memory usage. Loaded Objects now: 1544.
Total: 2.915500 ms (FindLiveObjects: 0.259500 ms CreateObjectMapping: 0.080200 ms MarkObjects: 2.460800 ms  DeleteObjects: 0.112800 ms)

========================================================================
Received Import Request.
  path: Assets
  artifactKey: Guid(00000000000000001000000000000000) Importer(815301076,1909f56bfc062723c751e8b465ee728b)
Start importing Assets using Guid(00000000000000001000000000000000) Importer(815301076,1909f56bfc062723c751e8b465ee728b)  -> (artifact id: 'f47cf443bddc682ac2de11ea429897ce') in 0.013371 seconds
  Import took 0.015399 seconds .

========================================================================
Received Import Request.
  Time since last request: 3.124055 seconds.
  path: Assets/Scripts
  artifactKey: Guid(e17bba12be079f64b828a7005b0b4f2b) Importer(815301076,1909f56bfc062723c751e8b465ee728b)
Start importing Assets/Scripts using Guid(e17bba12be079f64b828a7005b0b4f2b) Importer(815301076,1909f56bfc062723c751e8b465ee728b)  -> (artifact id: '406e50926d79ae072051fdf8b6357588') in 0.008396 seconds
  Import took 0.010807 seconds .

========================================================================
Received Import Request.
  Time since last request: 0.000485 seconds.
  path: Assets/Scripts
  artifactKey: Guid(e17bba12be079f64b828a7005b0b4f2b) Importer(815301076,1909f56bfc062723c751e8b465ee728b)
Start importing Assets/Scripts using Guid(e17bba12be079f64b828a7005b0b4f2b) Importer(815301076,1909f56bfc062723c751e8b465ee728b)  -> (artifact id: '406e50926d79ae072051fdf8b6357588') in 0.003197 seconds
  Import took 0.005732 seconds .

========================================================================
Received Import Request.
  Time since last request: 518.294412 seconds.
  path: Assets/Scripts/DataMenu.cs
  artifactKey: Guid(c4227649fefad734eb9986312a775b21) Importer(815301076,1909f56bfc062723c751e8b465ee728b)
Start importing Assets/Scripts/DataMenu.cs using Guid(c4227649fefad734eb9986312a775b21) Importer(815301076,1909f56bfc062723c751e8b465ee728b)  -> (artifact id: '8be4a9091da8009fbb45f72764aa5e91') in 0.048402 seconds
  Import took 0.050614 seconds .

========================================================================
Received Prepare
Registering precompiled user dll's ...
Registered in 0.000523 seconds.
Begin MonoManager ReloadAssembly
Native extension for WindowsStandalone target not found
Refreshing native plugins compatible for Editor in 0.21 ms, found 0 plugins.
Preloading 0 native plugins for Editor in 0.00 ms.
Invoked RoslynAnalysisRunner static constructor.
RoslynAnalysisRunner will not be running.
RoslynAnalysisRunner has terminated.
Mono: successfully reloaded assembly
- Completed reload, in  0.810 seconds
Platform modules already initialized, skipping
Refreshing native plugins compatible for Editor in 0.20 ms, found 0 plugins.
Preloading 0 native plugins for Editor in 0.00 ms.
Unloading 1099 Unused Serialized files (Serialized files now loaded: 0)
System memory in use before: 56.6 MB.
System memory in use after: 56.7 MB.

Unloading 5 unused Assets to reduce memory usage. Loaded Objects now: 1547.
Total: 1.807200 ms (FindLiveObjects: 0.175300 ms CreateObjectMapping: 0.030600 ms MarkObjects: 1.540000 ms  DeleteObjects: 0.059900 ms)

========================================================================
Received Import Request.
  Time since last request: 62.636803 seconds.
  path: Assets/Scripts/DataMenuScenario.cs
  artifactKey: Guid(c4227649fefad734eb9986312a775b21) Importer(815301076,1909f56bfc062723c751e8b465ee728b)
Start importing Assets/Scripts/DataMenuScenario.cs using Guid(c4227649fefad734eb9986312a775b21) Importer(815301076,1909f56bfc062723c751e8b465ee728b)  -> (artifact id: 'e3fa824a0cf73e264965d18c21ef1b30') in 0.013987 seconds
  Import took 0.016527 seconds .

========================================================================
Received Import Request.
  Time since last request: 0.039774 seconds.
  path: Assets/Scripts/DataMenuScenario.cs
  artifactKey: Guid(c4227649fefad734eb9986312a775b21) Importer(815301076,1909f56bfc062723c751e8b465ee728b)
Start importing Assets/Scripts/DataMenuScenario.cs using Guid(c4227649fefad734eb9986312a775b21) Importer(815301076,1909f56bfc062723c751e8b465ee728b)  -> (artifact id: 'e3fa824a0cf73e264965d18c21ef1b30') in 0.005621 seconds
  Import took 0.009101 seconds .

========================================================================
Received Prepare
Registering precompiled user dll's ...
Registered in 0.000561 seconds.
Begin MonoManager ReloadAssembly
Native extension for WindowsStandalone target not found
Refreshing native plugins compatible for Editor in 0.37 ms, found 0 plugins.
Preloading 0 native plugins for Editor in 0.00 ms.
Invoked RoslynAnalysisRunner static constructor.
RoslynAnalysisRunner will not be running.
RoslynAnalysisRunner has terminated.
Mono: successfully reloaded assembly
- Completed reload, in  0.923 seconds
Platform modules already initialized, skipping
Refreshing native plugins compatible for Editor in 0.26 ms, found 0 plugins.
Preloading 0 native plugins for Editor in 0.00 ms.
Unloading 1099 Unused Serialized files (Serialized files now loaded: 0)
System memory in use before: 56.7 MB.
System memory in use after: 56.7 MB.

Unloading 5 unused Assets to reduce memory usage. Loaded Objects now: 1549.
Total: 3.334100 ms (FindLiveObjects: 0.479000 ms CreateObjectMapping: 0.138800 ms MarkObjects: 2.615000 ms  DeleteObjects: 0.098400 ms)

========================================================================
Received Import Request.
  Time since last request: 2794.488172 seconds.
  path: Assets/Scripts/DataMenuScenario.cs
  artifactKey: Guid(c4227649fefad734eb9986312a775b21) Importer(815301076,1909f56bfc062723c751e8b465ee728b)
Start importing Assets/Scripts/DataMenuScenario.cs using Guid(c4227649fefad734eb9986312a775b21) Importer(815301076,1909f56bfc062723c751e8b465ee728b)  -> (artifact id: '8de98f9db982b227e8b067abe5bd228c') in 0.005518 seconds
  Import took 0.007708 seconds .

========================================================================
Received Import Request.
  Time since last request: 0.022782 seconds.
  path: Assets/Scripts/DataMenuScenario.cs
  artifactKey: Guid(c4227649fefad734eb9986312a775b21) Importer(815301076,1909f56bfc062723c751e8b465ee728b)
Start importing Assets/Scripts/DataMenuScenario.cs using Guid(c4227649fefad734eb9986312a775b21) Importer(815301076,1909f56bfc062723c751e8b465ee728b)  -> (artifact id: '8de98f9db982b227e8b067abe5bd228c') in 0.002872 seconds
  Import took 0.005208 seconds .

========================================================================
Received Import Request.
  Time since last request: 134.877084 seconds.
  path: Assets/Scripts/DataMenuScenario.cs
  artifactKey: Guid(c4227649fefad734eb9986312a775b21) Importer(815301076,1909f56bfc062723c751e8b465ee728b)
Start importing Assets/Scripts/DataMenuScenario.cs using Guid(c4227649fefad734eb9986312a775b21) Importer(815301076,1909f56bfc062723c751e8b465ee728b)  -> (artifact id: 'eaae3065a72c0786a5987c475bee58a1') in 0.002723 seconds
  Import took 0.005159 seconds .

========================================================================
Received Prepare
Registering precompiled user dll's ...
Registered in 0.000546 seconds.
Begin MonoManager ReloadAssembly
Native extension for WindowsStandalone target not found
Refreshing native plugins compatible for Editor in 0.20 ms, found 0 plugins.
Preloading 0 native plugins for Editor in 0.00 ms.
Invoked RoslynAnalysisRunner static constructor.
RoslynAnalysisRunner will not be running.
RoslynAnalysisRunner has terminated.
Mono: successfully reloaded assembly
- Completed reload, in  0.780 seconds
Platform modules already initialized, skipping
Refreshing native plugins compatible for Editor in 0.20 ms, found 0 plugins.
Preloading 0 native plugins for Editor in 0.00 ms.
Unloading 1099 Unused Serialized files (Serialized files now loaded: 0)
System memory in use before: 56.7 MB.
System memory in use after: 56.8 MB.

Unloading 5 unused Assets to reduce memory usage. Loaded Objects now: 1551.
Total: 1.859600 ms (FindLiveObjects: 0.152200 ms CreateObjectMapping: 0.026400 ms MarkObjects: 1.615700 ms  DeleteObjects: 0.063600 ms)

========================================================================
Received Import Request.
  Time since last request: 58.936199 seconds.
  path: Assets/Scripts/DataMenuScenario.cs
  artifactKey: Guid(c4227649fefad734eb9986312a775b21) Importer(815301076,1909f56bfc062723c751e8b465ee728b)
Start importing Assets/Scripts/DataMenuScenario.cs using Guid(c4227649fefad734eb9986312a775b21) Importer(815301076,1909f56bfc062723c751e8b465ee728b)  -> (artifact id: 'a22d1c8135f55159fd5fe994bef5449d') in 0.004819 seconds
  Import took 0.007317 seconds .

========================================================================
Received Import Request.
  Time since last request: 0.037538 seconds.
  path: Assets/Scripts/DataMenuScenario.cs
  artifactKey: Guid(c4227649fefad734eb9986312a775b21) Importer(815301076,1909f56bfc062723c751e8b465ee728b)
Start importing Assets/Scripts/DataMenuScenario.cs using Guid(c4227649fefad734eb9986312a775b21) Importer(815301076,1909f56bfc062723c751e8b465ee728b)  -> (artifact id: 'a22d1c8135f55159fd5fe994bef5449d') in 0.002939 seconds
  Import took 0.005146 seconds .

========================================================================
Received Prepare
Registering precompiled user dll's ...
Registered in 0.000664 seconds.
Begin MonoManager ReloadAssembly
Native extension for WindowsStandalone target not found
Refreshing native plugins compatible for Editor in 0.23 ms, found 0 plugins.
Preloading 0 native plugins for Editor in 0.00 ms.
Invoked RoslynAnalysisRunner static constructor.
RoslynAnalysisRunner will not be running.
RoslynAnalysisRunner has terminated.
Mono: successfully reloaded assembly
- Completed reload, in  0.852 seconds
Platform modules already initialized, skipping
Refreshing native plugins compatible for Editor in 0.19 ms, found 0 plugins.
Preloading 0 native plugins for Editor in 0.00 ms.
Unloading 1099 Unused Serialized files (Serialized files now loaded: 0)
System memory in use before: 56.7 MB.
System memory in use after: 56.8 MB.

Unloading 5 unused Assets to reduce memory usage. Loaded Objects now: 1553.
Total: 2.194100 ms (FindLiveObjects: 0.241700 ms CreateObjectMapping: 0.066700 ms MarkObjects: 1.821400 ms  DeleteObjects: 0.063000 ms)

========================================================================
Received Import Request.
  Time since last request: 23.223142 seconds.
  path: Assets/Scripts/DataMenuScenario.cs
  artifactKey: Guid(c4227649fefad734eb9986312a775b21) Importer(815301076,1909f56bfc062723c751e8b465ee728b)
Start importing Assets/Scripts/DataMenuScenario.cs using Guid(c4227649fefad734eb9986312a775b21) Importer(815301076,1909f56bfc062723c751e8b465ee728b)  -> (artifact id: '91938ea1e455cce574255f982eae3ede') in 0.005177 seconds
  Import took 0.007255 seconds .

========================================================================
Received Import Request.
  Time since last request: 0.039607 seconds.
  path: Assets/Scripts/DataMenuScenario.cs
  artifactKey: Guid(c4227649fefad734eb9986312a775b21) Importer(815301076,1909f56bfc062723c751e8b465ee728b)
Start importing Assets/Scripts/DataMenuScenario.cs using Guid(c4227649fefad734eb9986312a775b21) Importer(815301076,1909f56bfc062723c751e8b465ee728b)  -> (artifact id: '91938ea1e455cce574255f982eae3ede') in 0.003096 seconds
  Import took 0.005536 seconds .

========================================================================
Received Prepare
Registering precompiled user dll's ...
Registered in 0.000557 seconds.
Begin MonoManager ReloadAssembly
Native extension for WindowsStandalone target not found
Refreshing native plugins compatible for Editor in 0.36 ms, found 0 plugins.
Preloading 0 native plugins for Editor in 0.00 ms.
Invoked RoslynAnalysisRunner static constructor.
RoslynAnalysisRunner will not be running.
RoslynAnalysisRunner has terminated.
Mono: successfully reloaded assembly
- Completed reload, in  0.917 seconds
Platform modules already initialized, skipping
Refreshing native plugins compatible for Editor in 0.20 ms, found 0 plugins.
Preloading 0 native plugins for Editor in 0.00 ms.
Unloading 1099 Unused Serialized files (Serialized files now loaded: 0)
System memory in use before: 56.7 MB.
System memory in use after: 56.8 MB.

Unloading 5 unused Assets to reduce memory usage. Loaded Objects now: 1555.
Total: 2.037000 ms (FindLiveObjects: 0.208500 ms CreateObjectMapping: 0.049500 ms MarkObjects: 1.712400 ms  DeleteObjects: 0.064500 ms)

========================================================================
Received Import Request.
  Time since last request: 170.886194 seconds.
  path: Assets/Scripts/DataMenuScenario.cs
  artifactKey: Guid(c4227649fefad734eb9986312a775b21) Importer(815301076,1909f56bfc062723c751e8b465ee728b)
Start importing Assets/Scripts/DataMenuScenario.cs using Guid(c4227649fefad734eb9986312a775b21) Importer(815301076,1909f56bfc062723c751e8b465ee728b)  -> (artifact id: 'ccef04c54833f53ce1217b78465d1d0b') in 0.005260 seconds
  Import took 0.007350 seconds .

========================================================================
Received Prepare
Registering precompiled user dll's ...
Registered in 0.000639 seconds.
Begin MonoManager ReloadAssembly
Native extension for WindowsStandalone target not found
Refreshing native plugins compatible for Editor in 0.27 ms, found 0 plugins.
Preloading 0 native plugins for Editor in 0.00 ms.
Invoked RoslynAnalysisRunner static constructor.
RoslynAnalysisRunner will not be running.
RoslynAnalysisRunner has terminated.
Mono: successfully reloaded assembly
- Completed reload, in  0.801 seconds
Platform modules already initialized, skipping
Refreshing native plugins compatible for Editor in 0.22 ms, found 0 plugins.
Preloading 0 native plugins for Editor in 0.00 ms.
Unloading 1099 Unused Serialized files (Serialized files now loaded: 0)
System memory in use before: 56.7 MB.
System memory in use after: 56.8 MB.

Unloading 5 unused Assets to reduce memory usage. Loaded Objects now: 1557.
Total: 1.891700 ms (FindLiveObjects: 0.214500 ms CreateObjectMapping: 0.040600 ms MarkObjects: 1.578200 ms  DeleteObjects: 0.057100 ms)

========================================================================
Received Import Request.
  Time since last request: 986.372666 seconds.
  path: Assets/Scripts/DataMenuScenario.cs
  artifactKey: Guid(c4227649fefad734eb9986312a775b21) Importer(815301076,1909f56bfc062723c751e8b465ee728b)
Start importing Assets/Scripts/DataMenuScenario.cs using Guid(c4227649fefad734eb9986312a775b21) Importer(815301076,1909f56bfc062723c751e8b465ee728b)  -> (artifact id: '2fd9358ab0180a8be579aab933719ec0') in 0.010330 seconds
  Import took 0.012619 seconds .

========================================================================
Received Prepare
Registering precompiled user dll's ...
Registered in 0.000530 seconds.
Begin MonoManager ReloadAssembly
Native extension for WindowsStandalone target not found
Refreshing native plugins compatible for Editor in 0.20 ms, found 0 plugins.
Preloading 0 native plugins for Editor in 0.00 ms.
Invoked RoslynAnalysisRunner static constructor.
RoslynAnalysisRunner will not be running.
RoslynAnalysisRunner has terminated.
Mono: successfully reloaded assembly
- Completed reload, in  0.804 seconds
Platform modules already initialized, skipping
Refreshing native plugins compatible for Editor in 0.23 ms, found 0 plugins.
Preloading 0 native plugins for Editor in 0.00 ms.
Unloading 1099 Unused Serialized files (Serialized files now loaded: 0)
System memory in use before: 56.7 MB.
System memory in use after: 56.8 MB.

Unloading 5 unused Assets to reduce memory usage. Loaded Objects now: 1559.
Total: 2.280000 ms (FindLiveObjects: 0.258200 ms CreateObjectMapping: 0.062800 ms MarkObjects: 1.891900 ms  DeleteObjects: 0.065600 ms)

